<?xml version="1.0" encoding="UTF-8"?>
<!-- Generated by org.testng.reporters.JUnitReportReporter -->
<testsuite hostname="DESKTOP-N3GEMQ8" failures="0" tests="1" name="com.assignment.tests.ValidLoginTest" time="33.740" errors="0" timestamp="2021-05-28T16:02:19 EET" skipped="0">
  <testcase classname="com.assignment.tests.ValidLoginTest" name="signIn" time="33.740"/>
  <system-out/>
</testsuite> <!-- com.assignment.tests.ValidLoginTest -->
