<?xml version="1.0" encoding="UTF-8"?>
<!-- Generated by org.testng.reporters.JUnitReportReporter -->
<testsuite hostname="DESKTOP-N3GEMQ8" failures="0" tests="1" name="com.assignment.tests.ValidLoginTest" time="64.177" errors="0" timestamp="2021-05-28T15:48:27 EET" skipped="0">
  <testcase classname="com.assignment.tests.ValidLoginTest" name="signIn" time="64.177"/>
  <system-out/>
</testsuite> <!-- com.assignment.tests.ValidLoginTest -->
